<?xml version="1.0" encoding="UTF-8"?>
<testsuite xmlns:xsi="http://www.w3.org/2001/XMLSchema-instance" xsi:noNamespaceSchemaLocation="https://maven.apache.org/surefire/maven-surefire-plugin/xsd/surefire-test-report-3.0.xsd" version="3.0" name="RectangleTest" time="0.001" tests="5" errors="0" skipped="0" failures="0">
  <properties>
[...]
</properties>
  <testcase name="getWidthTest" classname="RectangleTest" time="0"/>
  <testcase name="getAreaTest" classname="RectangleTest" time="0"/>
  <testcase name="getLengthTest" classname="RectangleTest" time="0"/>
  <testcase name="setWidthTest" classname="RectangleTest" time="0"/>
  <testcase name="setLengthTest" classname="RectangleTest" time="0.001"/>
</testsuite>